------------------------------------------------
                                                
Training...........................
Train score: 0.9438866171401658
Validation...........................
Validation score: 0.9172803562253811
Testing...........................
Test score: 0.9192299787627595
Classification report KNN default parameter.....................
                 precision    recall  f1-score   support

        absence       0.95      0.88      0.91      4053
        cooking       0.96      0.93      0.95      1067
    dishwashing       0.67      0.75      0.71       257
         eating       0.69      0.89      0.78       362
          other       0.44      0.67      0.53       282
social_activity       0.89      0.98      0.93       880
 vacuum_cleaner       1.00      1.00      1.00       201
    watching_tv       1.00      1.00      1.00      3706
        working       0.90      0.89      0.90      3789

       accuracy                           0.92     14597
      macro avg       0.83      0.89      0.86     14597
   weighted avg       0.93      0.92      0.92     14597

------------------------------------------------
                                                
Optimizing...........................................
Fitting 8 folds for each of 40 candidates, totalling 320 fits
KNN best score= 0.9241097843133212
KNN best estimator= KNeighborsClassifier(metric='euclidean', n_neighbors=4, weights='distance')
Testing...........................
Test score: 0.9295060628896349
Classification report KNN optimized parameter.....................
                 precision    recall  f1-score   support

        absence       0.95      0.90      0.93      3964
        cooking       0.97      0.96      0.96      1042
    dishwashing       0.67      0.79      0.72       244
         eating       0.74      0.91      0.82       379
          other       0.51      0.66      0.57       328
social_activity       0.93      0.97      0.95       920
 vacuum_cleaner       1.00      1.00      1.00       201
    watching_tv       1.00      1.00      1.00      3709
        working       0.92      0.90      0.91      3810

       accuracy                           0.93     14597
      macro avg       0.85      0.90      0.87     14597
   weighted avg       0.93      0.93      0.93     14597

